Build started 2015-03-29 21:54:01.
     1>Project "S:\Users\Shagg\documents\visual studio 2013\Projects\ZadanieDomowe_4\ZadanieDomowe_4\ZadanieDomowe_4.vcxproj" on node 2 (Build target(s)).
     1>ClCompile:
         S:\Program Files (x86)\Microsoft Visual Studio 12.0\VC\bin\CL.exe /c /I"S:\Program Files\Common Files\MSVC\freeglut\include" /ZI /nologo /W3 /WX- /sdl /Od /Oy- /D _MBCS /Gm /EHsc /RTC1 /MDd /GS /fp:precise /Zc:wchar_t /Zc:forScope /Fo"Debug\\" /Fd"Debug\vc120.pdb" /Gd /TP /analyze- /errorReport:prompt freeglut.cpp
         freeglut.cpp
     1>s:\users\shagg\documents\visual studio 2013\projects\zadaniedomowe_4\zadaniedomowe_4\freeglut.cpp(221): warning C4244: 'argument' : conversion from 'double' to 'int', possible loss of data
     1>s:\users\shagg\documents\visual studio 2013\projects\zadaniedomowe_4\zadaniedomowe_4\freeglut.cpp(326): warning C4244: 'argument' : conversion from 'double' to 'int', possible loss of data
     1>s:\users\shagg\documents\visual studio 2013\projects\zadaniedomowe_4\zadaniedomowe_4\freeglut.cpp(328): warning C4244: 'argument' : conversion from 'double' to 'int', possible loss of data
     1>s:\users\shagg\documents\visual studio 2013\projects\zadaniedomowe_4\zadaniedomowe_4\freeglut.cpp(331): warning C4244: 'argument' : conversion from 'double' to 'int', possible loss of data
     1>s:\users\shagg\documents\visual studio 2013\projects\zadaniedomowe_4\zadaniedomowe_4\freeglut.cpp(333): warning C4244: 'argument' : conversion from 'double' to 'int', possible loss of data
     1>s:\users\shagg\documents\visual studio 2013\projects\zadaniedomowe_4\zadaniedomowe_4\freeglut.cpp(336): warning C4244: 'argument' : conversion from 'double' to 'int', possible loss of data
     1>s:\users\shagg\documents\visual studio 2013\projects\zadaniedomowe_4\zadaniedomowe_4\freeglut.cpp(338): warning C4244: 'argument' : conversion from 'double' to 'int', possible loss of data
     1>s:\users\shagg\documents\visual studio 2013\projects\zadaniedomowe_4\zadaniedomowe_4\freeglut.cpp(341): warning C4244: 'argument' : conversion from 'double' to 'int', possible loss of data
     1>s:\users\shagg\documents\visual studio 2013\projects\zadaniedomowe_4\zadaniedomowe_4\freeglut.cpp(343): warning C4244: 'argument' : conversion from 'double' to 'int', possible loss of data
     1>s:\users\shagg\documents\visual studio 2013\projects\zadaniedomowe_4\zadaniedomowe_4\freeglut.cpp(346): warning C4244: 'argument' : conversion from 'double' to 'int', possible loss of data
     1>s:\users\shagg\documents\visual studio 2013\projects\zadaniedomowe_4\zadaniedomowe_4\freeglut.cpp(348): warning C4244: 'argument' : conversion from 'double' to 'int', possible loss of data
     1>s:\users\shagg\documents\visual studio 2013\projects\zadaniedomowe_4\zadaniedomowe_4\freeglut.cpp(352): warning C4244: 'argument' : conversion from 'double' to 'int', possible loss of data
     1>s:\users\shagg\documents\visual studio 2013\projects\zadaniedomowe_4\zadaniedomowe_4\freeglut.cpp(354): warning C4244: 'argument' : conversion from 'double' to 'int', possible loss of data
     1>s:\users\shagg\documents\visual studio 2013\projects\zadaniedomowe_4\zadaniedomowe_4\freeglut.cpp(357): warning C4244: 'argument' : conversion from 'double' to 'int', possible loss of data
     1>s:\users\shagg\documents\visual studio 2013\projects\zadaniedomowe_4\zadaniedomowe_4\freeglut.cpp(359): warning C4244: 'argument' : conversion from 'double' to 'int', possible loss of data
     1>s:\users\shagg\documents\visual studio 2013\projects\zadaniedomowe_4\zadaniedomowe_4\freeglut.cpp(362): warning C4244: 'argument' : conversion from 'double' to 'int', possible loss of data
     1>s:\users\shagg\documents\visual studio 2013\projects\zadaniedomowe_4\zadaniedomowe_4\freeglut.cpp(364): warning C4244: 'argument' : conversion from 'double' to 'int', possible loss of data
     1>s:\users\shagg\documents\visual studio 2013\projects\zadaniedomowe_4\zadaniedomowe_4\freeglut.cpp(367): warning C4244: 'argument' : conversion from 'double' to 'int', possible loss of data
     1>s:\users\shagg\documents\visual studio 2013\projects\zadaniedomowe_4\zadaniedomowe_4\freeglut.cpp(369): warning C4244: 'argument' : conversion from 'double' to 'int', possible loss of data
     1>s:\users\shagg\documents\visual studio 2013\projects\zadaniedomowe_4\zadaniedomowe_4\freeglut.cpp(372): warning C4244: 'argument' : conversion from 'double' to 'int', possible loss of data
     1>s:\users\shagg\documents\visual studio 2013\projects\zadaniedomowe_4\zadaniedomowe_4\freeglut.cpp(374): warning C4244: 'argument' : conversion from 'double' to 'int', possible loss of data
     1>s:\users\shagg\documents\visual studio 2013\projects\zadaniedomowe_4\zadaniedomowe_4\freeglut.cpp(401): warning C4018: '<' : signed/unsigned mismatch
     1>cl : Command line warning D9028: minimal rebuild failure, reverting to normal build
       Link:
         S:\Program Files (x86)\Microsoft Visual Studio 12.0\VC\bin\link.exe /ERRORREPORT:PROMPT /OUT:"S:\Users\Shagg\documents\visual studio 2013\Projects\ZadanieDomowe_4\Debug\ZadanieDomowe_4.exe" /INCREMENTAL /NOLOGO /LIBPATH:"S:\Program Files\Common Files\MSVC\freeglut\lib" kernel32.lib user32.lib gdi32.lib winspool.lib comdlg32.lib advapi32.lib shell32.lib ole32.lib oleaut32.lib uuid.lib odbc32.lib odbccp32.lib /MANIFEST /MANIFESTUAC:"level='asInvoker' uiAccess='false'" /manifest:embed /DEBUG /PDB:"S:\Users\Shagg\documents\visual studio 2013\Projects\ZadanieDomowe_4\Debug\ZadanieDomowe_4.pdb" /TLBID:1 /DYNAMICBASE /NXCOMPAT /IMPLIB:"S:\Users\Shagg\documents\visual studio 2013\Projects\ZadanieDomowe_4\Debug\ZadanieDomowe_4.lib" /MACHINE:X86 Debug\3.obj
         Debug\freeglut.obj
         ZadanieDomowe_4.vcxproj -> S:\Users\Shagg\documents\visual studio 2013\Projects\ZadanieDomowe_4\Debug\ZadanieDomowe_4.exe
     1>Done Building Project "S:\Users\Shagg\documents\visual studio 2013\Projects\ZadanieDomowe_4\ZadanieDomowe_4\ZadanieDomowe_4.vcxproj" (Build target(s)).

Build succeeded.

Time Elapsed 00:00:01.04
